<?xml version="1.0" encoding="UTF-8"?>
<testng-results ignored="0" total="1" passed="1" failed="0" skipped="0">
  <reporter-output>
  </reporter-output>
  <suite started-at="2022-06-18T06:44:59 IST" name="Default suite" finished-at="2022-06-18T06:45:29 IST" duration-ms="30143">
    <groups>
    </groups>
    <test started-at="2022-06-18T06:44:59 IST" name="Default test" finished-at="2022-06-18T06:45:29 IST" duration-ms="30143">
      <class name="chrome.exam1">
        <test-method is-config="true" signature="beforeMethod()[pri:0, instance:chrome.exam1@7e7be63f]" started-at="2022-06-18T06:44:59 IST" name="beforeMethod" finished-at="2022-06-18T06:45:11 IST" duration-ms="12727" status="PASS">
          <reporter-output>
          </reporter-output>
        </test-method> <!-- beforeMethod -->
        <test-method signature="f()[pri:0, instance:chrome.exam1@7e7be63f]" started-at="2022-06-18T06:45:11 IST" name="f" finished-at="2022-06-18T06:45:29 IST" duration-ms="17279" status="PASS">
          <reporter-output>
          </reporter-output>
        </test-method> <!-- f -->
      </class> <!-- chrome.exam1 -->
    </test> <!-- Default test -->
  </suite> <!-- Default suite -->
</testng-results>
